2025-05-05 14:49:14,337 [INFO] Verificando nova versão...
2025-05-05 14:49:14,764 [INFO] Versão online: 1.0.4 | Versão atual: 1.0.4
2025-05-05 14:49:14,764 [INFO] Aplicativo já está na versão mais recente.
2025-05-05 14:50:43,397 [ERROR] Rastreio inválido (não começa com PNL): PLN477970AB
2025-05-05 14:51:24,219 [ERROR] Código de rastreio não encontrado na base: PNL477979AB
2025-05-05 14:58:56,941 [INFO] Verificando nova versão...
2025-05-05 14:58:57,215 [INFO] Versão online: 1.0.4 | Versão atual: 1.0.4
2025-05-05 14:58:57,216 [INFO] Aplicativo já está na versão mais recente.
2025-05-05 15:00:18,299 [ERROR] Código de rastreio não encontrado na base: PNL477979AB
2025-05-05 17:36:11,177 [INFO] Verificando nova versão...
2025-05-05 17:36:11,635 [INFO] Versão online: 1.0.4 | Versão atual: 1.0.4
2025-05-05 17:36:11,635 [INFO] Aplicativo já está na versão mais recente.
2025-05-05 17:39:25,801 [ERROR] Código de rastreio não encontrado na base: PNL477979AB
2025-05-05 17:41:12,508 [INFO] Verificando nova versão...
2025-05-05 17:41:12,743 [INFO] Versão online: 1.0.4 | Versão atual: 1.0.4
2025-05-05 17:41:12,743 [INFO] Aplicativo já está na versão mais recente.
2025-05-05 17:42:21,269 [ERROR] Etiqueta não corresponde ao código de rastreio. Rastreio: PNL517978AA, Etiqueta: hwsghfshjfs
2025-05-05 17:49:50,973 [INFO] Verificando nova versão...
2025-05-05 17:49:51,298 [INFO] Versão online: 1.0.4 | Versão atual: 1.0.4
2025-05-05 17:49:51,299 [INFO] Aplicativo já está na versão mais recente.
2025-05-05 17:51:01,574 [ERROR] Etiqueta não corresponde ao código de rastreio. Rastreio: PNL477979AA, Etiqueta na base: ENJed750bd4ccb9BR, Etiqueta bipada: jhfsidjhiufjdfgr
2025-05-05 17:51:46,518 [ERROR] Código de rastreio não encontrado na base: PNLjdf
2025-05-05 18:03:03,183 [INFO] Verificando nova versão...
2025-05-05 18:03:03,455 [INFO] Versão online: 1.0.4 | Versão atual: 1.0.4
2025-05-05 18:03:03,456 [INFO] Aplicativo já está na versão mais recente.
2025-05-05 18:35:55,616 [INFO] Verificando nova versão...
2025-05-05 18:35:55,810 [INFO] Versão online: 1.0.4 | Versão atual: 1.0.5
2025-05-05 18:35:55,810 [INFO] Nova versão detectada, iniciando atualização.
2025-05-05 18:35:55,810 [INFO] Baixando nova versão...
2025-05-05 18:36:14,532 [INFO] Substituindo executável antigo...
2025-05-05 18:36:14,533 [ERROR] Erro durante atualização: [WinError 2] O sistema não pode encontrar o arquivo especificado: 'Conferência Enjoei.exe' -> 'Conferência Enjoei_backup.exe'
